  functions.cpp
c:\users\sophie\desktop\projects\sfmlgame\sfmlgame\sfmlgame\Platform.h(34): warning C4244: 'argument': conversion from 'double' to 'float', possible loss of data
c:\users\sophie\desktop\projects\sfmlgame\sfmlgame\sfmlgame\spaceBros.h(44): warning C4244: 'argument': conversion from 'double' to 'float', possible loss of data
c:\users\sophie\desktop\projects\sfmlgame\sfmlgame\sfmlgame\bob.h(16): warning C4244: 'argument': conversion from 'double' to 'float', possible loss of data
c:\users\sophie\desktop\projects\sfmlgame\sfmlgame\sfmlgame\bob.h(20): warning C4244: 'argument': conversion from 'double' to 'float', possible loss of data
c:\users\sophie\desktop\projects\sfmlgame\sfmlgame\sfmlgame\bob.h(23): warning C4244: 'argument': conversion from 'double' to 'float', possible loss of data
c:\users\sophie\desktop\projects\sfmlgame\sfmlgame\sfmlgame\bob.h(28): warning C4244: 'argument': conversion from 'double' to 'float', possible loss of data
c:\users\sophie\desktop\projects\sfmlgame\sfmlgame\sfmlgame\bob.h(60): warning C4244: 'argument': conversion from 'double' to 'float', possible loss of data
c:\users\sophie\desktop\projects\sfmlgame\sfmlgame\sfmlgame\wolves.h(19): warning C4244: 'argument': conversion from 'double' to 'float', possible loss of data
c:\users\sophie\desktop\projects\sfmlgame\sfmlgame\sfmlgame\wolves.h(26): warning C4244: 'argument': conversion from 'double' to 'float', possible loss of data
c:\users\sophie\desktop\projects\sfmlgame\sfmlgame\sfmlgame\wolves.h(36): warning C4244: 'argument': conversion from 'double' to 'float', possible loss of data
  main.cpp
c:\users\sophie\desktop\projects\sfmlgame\sfmlgame\sfmlgame\Platform.h(34): warning C4244: 'argument': conversion from 'double' to 'float', possible loss of data
c:\users\sophie\desktop\projects\sfmlgame\sfmlgame\sfmlgame\spaceBros.h(44): warning C4244: 'argument': conversion from 'double' to 'float', possible loss of data
c:\users\sophie\desktop\projects\sfmlgame\sfmlgame\sfmlgame\bob.h(16): warning C4244: 'argument': conversion from 'double' to 'float', possible loss of data
c:\users\sophie\desktop\projects\sfmlgame\sfmlgame\sfmlgame\bob.h(20): warning C4244: 'argument': conversion from 'double' to 'float', possible loss of data
c:\users\sophie\desktop\projects\sfmlgame\sfmlgame\sfmlgame\bob.h(23): warning C4244: 'argument': conversion from 'double' to 'float', possible loss of data
c:\users\sophie\desktop\projects\sfmlgame\sfmlgame\sfmlgame\bob.h(28): warning C4244: 'argument': conversion from 'double' to 'float', possible loss of data
c:\users\sophie\desktop\projects\sfmlgame\sfmlgame\sfmlgame\bob.h(60): warning C4244: 'argument': conversion from 'double' to 'float', possible loss of data
c:\users\sophie\desktop\projects\sfmlgame\sfmlgame\sfmlgame\wolves.h(19): warning C4244: 'argument': conversion from 'double' to 'float', possible loss of data
c:\users\sophie\desktop\projects\sfmlgame\sfmlgame\sfmlgame\wolves.h(26): warning C4244: 'argument': conversion from 'double' to 'float', possible loss of data
c:\users\sophie\desktop\projects\sfmlgame\sfmlgame\sfmlgame\wolves.h(36): warning C4244: 'argument': conversion from 'double' to 'float', possible loss of data
main.cpp(149): warning C4018: '>=': signed/unsigned mismatch
main.cpp(195): warning C4018: '>=': signed/unsigned mismatch
main.cpp(205): warning C4018: '>=': signed/unsigned mismatch
main.cpp(214): warning C4244: 'argument': conversion from 'double' to 'float', possible loss of data
  Generating code
c:\users\sophie\desktop\projects\sfmlgame\sfmlgame\sfmlgame\main.cpp(129): warning C4700: uninitialized local variable 'event' used
  2 of 133 functions ( 1.5%) were compiled, the rest were copied from previous compilation.
    0 functions were new in current compilation
    11 functions had inline decision re-evaluated but remain unchanged
  Finished generating code
  SFMLGame.vcxproj -> C:\Users\Sophie\Desktop\Projects\SFMLGame\SFMLGame\Release\SFMLGame.exe
  SFMLGame.vcxproj -> C:\Users\Sophie\Desktop\Projects\SFMLGame\SFMLGame\Release\SFMLGame.pdb (Full PDB)
